# JRE version: OpenJDK Runtime Environment (8.0_242-b01) (build 1.8.0_242-release-1644-b01)
# Java VM: OpenJDK 64-Bit Server VM (25.242-b01 mixed mode windows-amd64 compressed oops)
Heap:
 PSYoungGen      total 614400K, used 279748K [0x00000000d5580000, 0x0000000100000000, 0x0000000100000000)
  eden space 525824K, 48% used [0x00000000d5580000,0x00000000e4da0e70,0x00000000f5700000)
  from space 88576K, 28% used [0x00000000fa980000,0x00000000fc290458,0x0000000100000000)
  to   space 84480K, 0% used [0x00000000f5700000,0x00000000f5700000,0x00000000fa980000)
 ParOldGen       total 282112K, used 134741K [0x0000000080000000, 0x0000000091380000, 0x00000000d5580000)
  object space 282112K, 47% used [0x0000000080000000,0x0000000088395428,0x0000000091380000)
 Metaspace       used 151565K, capacity 161768K, committed 162088K, reserved 1189888K
  class space    used 19230K, capacity 20957K, committed 21040K, reserved 1048576K
GC Heap History (10 events):
Event: 5404.684 GC heap before
{Heap before GC invocations=39 (full 5):
 PSYoungGen      total 612352K, used 611925K [0x00000000d5580000, 0x0000000100000000, 0x0000000100000000)
  eden space 544256K, 100% used [0x00000000d5580000,0x00000000f6900000,0x00000000f6900000)
  from space 68096K, 99% used [0x00000000f6900000,0x00000000fab15588,0x00000000fab80000)
  to   space 86016K, 0% used [0x00000000fac00000,0x00000000fac00000,0x0000000100000000)
 ParOldGen       total 282112K, used 131180K [0x0000000080000000, 0x0000000091380000, 0x00000000d5580000)
  object space 282112K, 46% used [0x0000000080000000,0x000000008801b2e8,0x0000000091380000)
 Metaspace       used 149300K, capacity 157636K, committed 157992K, reserved 1187840K
  class space    used 18937K, capacity 20405K, committed 20528K, reserved 1048576K
Event: 5404.702 GC heap after
Heap after GC invocations=39 (full 5):
 PSYoungGen      total 615936K, used 23505K [0x00000000d5580000, 0x0000000100000000, 0x0000000100000000)
  eden space 529920K, 0% used [0x00000000d5580000,0x00000000d5580000,0x00000000f5b00000)
  from space 86016K, 27% used [0x00000000fac00000,0x00000000fc2f4710,0x0000000100000000)
  to   space 82944K, 0% used [0x00000000f5b00000,0x00000000f5b00000,0x00000000fac00000)
 ParOldGen       total 282112K, used 132893K [0x0000000080000000, 0x0000000091380000, 0x00000000d5580000)
  object space 282112K, 47% used [0x0000000080000000,0x00000000881c7408,0x0000000091380000)
 Metaspace       used 149300K, capacity 157636K, committed 157992K, reserved 1187840K
  class space    used 18937K, capacity 20405K, committed 20528K, reserved 1048576K
}
Event: 15524.720 GC heap before
{Heap before GC invocations=40 (full 5):
 PSYoungGen      total 615936K, used 553425K [0x00000000d5580000, 0x0000000100000000, 0x0000000100000000)
  eden space 529920K, 100% used [0x00000000d5580000,0x00000000f5b00000,0x00000000f5b00000)
  from space 86016K, 27% used [0x00000000fac00000,0x00000000fc2f4710,0x0000000100000000)
  to   space 82944K, 0% used [0x00000000f5b00000,0x00000000f5b00000,0x00000000fac00000)
 ParOldGen       total 282112K, used 132893K [0x0000000080000000, 0x0000000091380000, 0x00000000d5580000)
  object space 282112K, 47% used [0x0000000080000000,0x00000000881c7408,0x0000000091380000)
 Metaspace       used 149685K, capacity 158122K, committed 158248K, reserved 1187840K
  class space    used 18968K, capacity 20480K, committed 20528K, reserved 1048576K
Event: 15524.750 GC heap after
Heap after GC invocations=40 (full 5):
 PSYoungGen      total 547840K, used 17590K [0x00000000d5580000, 0x00000000ff800000, 0x0000000100000000)
  eden space 529920K, 0% used [0x00000000d5580000,0x00000000d5580000,0x00000000f5b00000)
  from space 17920K, 98% used [0x00000000f5b00000,0x00000000f6c2db20,0x00000000f6c80000)
  to   space 80384K, 0% used [0x00000000fa980000,0x00000000fa980000,0x00000000ff800000)
 ParOldGen       total 282112K, used 134725K [0x0000000080000000, 0x0000000091380000, 0x00000000d5580000)
  object space 282112K, 47% used [0x0000000080000000,0x0000000088391428,0x0000000091380000)
 Metaspace       used 149685K, capacity 158122K, committed 158248K, reserved 1187840K
  class space    used 18968K, capacity 20480K, committed 20528K, reserved 1048576K
}
Event: 15833.212 GC heap before
{Heap before GC invocations=41 (full 5):
 PSYoungGen      total 547840K, used 547510K [0x00000000d5580000, 0x00000000ff800000, 0x0000000100000000)
  eden space 529920K, 100% used [0x00000000d5580000,0x00000000f5b00000,0x00000000f5b00000)
  from space 17920K, 98% used [0x00000000f5b00000,0x00000000f6c2db20,0x00000000f6c80000)
  to   space 80384K, 0% used [0x00000000fa980000,0x00000000fa980000,0x00000000ff800000)
 ParOldGen       total 282112K, used 134725K [0x0000000080000000, 0x0000000091380000, 0x00000000d5580000)
  object space 282112K, 47% used [0x0000000080000000,0x0000000088391428,0x0000000091380000)
 Metaspace       used 150089K, capacity 158714K, committed 158888K, reserved 1187840K
  class space    used 19000K, capacity 20534K, committed 20656K, reserved 1048576K
Event: 15833.241 GC heap after
Heap after GC invocations=41 (full 5):
 PSYoungGen      total 612352K, used 16455K [0x00000000d5580000, 0x0000000100000000, 0x0000000100000000)
  eden space 531968K, 0% used [0x00000000d5580000,0x00000000d5580000,0x00000000f5d00000)
  from space 80384K, 20% used [0x00000000fa980000,0x00000000fb991e30,0x00000000ff800000)
  to   space 78336K, 0% used [0x00000000f5d00000,0x00000000f5d00000,0x00000000fa980000)
 ParOldGen       total 282112K, used 134733K [0x0000000080000000, 0x0000000091380000, 0x00000000d5580000)
  object space 282112K, 47% used [0x0000000080000000,0x0000000088393428,0x0000000091380000)
 Metaspace       used 150089K, capacity 158714K, committed 158888K, reserved 1187840K
  class space    used 19000K, capacity 20534K, committed 20656K, reserved 1048576K
}
Event: 16133.925 GC heap before
{Heap before GC invocations=42 (full 5):
 PSYoungGen      total 612352K, used 548423K [0x00000000d5580000, 0x0000000100000000, 0x0000000100000000)
  eden space 531968K, 100% used [0x00000000d5580000,0x00000000f5d00000,0x00000000f5d00000)
  from space 80384K, 20% used [0x00000000fa980000,0x00000000fb991e30,0x00000000ff800000)
  to   space 78336K, 0% used [0x00000000f5d00000,0x00000000f5d00000,0x00000000fa980000)
 ParOldGen       total 282112K, used 134733K [0x0000000080000000, 0x0000000091380000, 0x00000000d5580000)
  object space 282112K, 47% used [0x0000000080000000,0x0000000088393428,0x0000000091380000)
 Metaspace       used 150594K, capacity 159804K, committed 160040K, reserved 1187840K
  class space    used 19076K, capacity 20673K, committed 20784K, reserved 1048576K
Event: 16133.974 GC heap after
Heap after GC invocations=42 (full 5):
 PSYoungGen      total 610304K, used 70458K [0x00000000d5580000, 0x0000000100000000, 0x0000000100000000)
  eden space 531968K, 0% used [0x00000000d5580000,0x00000000d5580000,0x00000000f5d00000)
  from space 78336K, 89% used [0x00000000f5d00000,0x00000000fa1ceae0,0x00000000fa980000)
  to   space 88576K, 0% used [0x00000000fa980000,0x00000000fa980000,0x0000000100000000)
 ParOldGen       total 282112K, used 134733K [0x0000000080000000, 0x0000000091380000, 0x00000000d5580000)
  object space 282112K, 47% used [0x0000000080000000,0x0000000088393428,0x0000000091380000)
 Metaspace       used 150594K, capacity 159804K, committed 160040K, reserved 1187840K
  class space    used 19076K, capacity 20673K, committed 20784K, reserved 1048576K
}
Event: 16415.151 GC heap before
{Heap before GC invocations=43 (full 5):
 PSYoungGen      total 610304K, used 602426K [0x00000000d5580000, 0x0000000100000000, 0x0000000100000000)
  eden space 531968K, 100% used [0x00000000d5580000,0x00000000f5d00000,0x00000000f5d00000)
  from space 78336K, 89% used [0x00000000f5d00000,0x00000000fa1ceae0,0x00000000fa980000)
  to   space 88576K, 0% used [0x00000000fa980000,0x00000000fa980000,0x0000000100000000)
 ParOldGen       total 282112K, used 134733K [0x0000000080000000, 0x0000000091380000, 0x00000000d5580000)
  object space 282112K, 47% used [0x0000000080000000,0x0000000088393428,0x0000000091380000)
 Metaspace       used 151439K, capacity 161638K, committed 161832K, reserved 1189888K
  class space    used 19224K, capacity 20946K, committed 21040K, reserved 1048576K
Event: 16415.174 GC heap after
Heap after GC invocations=43 (full 5):
 PSYoungGen      total 614400K, used 25665K [0x00000000d5580000, 0x0000000100000000, 0x0000000100000000)
  eden space 525824K, 0% used [0x00000000d5580000,0x00000000d5580000,0x00000000f5700000)
  from space 88576K, 28% used [0x00000000fa980000,0x00000000fc290458,0x0000000100000000)
  to   space 84480K, 0% used [0x00000000f5700000,0x00000000f5700000,0x00000000fa980000)
 ParOldGen       total 282112K, used 134741K [0x0000000080000000, 0x0000000091380000, 0x00000000d5580000)
  object space 282112K, 47% used [0x0000000080000000,0x0000000088395428,0x0000000091380000)
 Metaspace       used 151439K, capacity 161638K, committed 161832K, reserved 1189888K
  class space    used 19224K, capacity 20946K, committed 21040K, reserved 1048576K
}

